<?xml version="1.0" encoding="UTF-8"?>
<!-- Generated by org.testng.reporters.JUnitReportReporter -->
<testsuite hostname="Sallu" failures="0" tests="1" name="pageObjectModel.LoginTest" time="24.172" errors="0" timestamp="2024-09-05T16:54:08 BDT" skipped="0">
  <testcase classname="pageObjectModel.LoginTest" name="validLoginTest" time="24.172"/>
</testsuite> <!-- pageObjectModel.LoginTest -->
