<?xml version="1.0" encoding="UTF-8"?>
<!-- Generated by org.testng.reporters.JUnitReportReporter -->
<testsuite hostname="Sallu" failures="0" tests="1" name="locators.Xpath" time="48.721" errors="0" timestamp="2024-09-09T23:24:43 BDT" skipped="0">
  <testcase classname="locators.Xpath" name="LoginXpath" time="48.721"/>
</testsuite> <!-- locators.Xpath -->
