<?xml version="1.0" encoding="UTF-8"?>
<!-- Generated by org.testng.reporters.JUnitReportReporter -->
<testsuite hostname="Sallu" failures="0" tests="1" name="pomWithPageFactory.Pf_LoginTest" time="12.187" errors="0" timestamp="2024-09-09T23:39:34 BDT" skipped="0">
  <testcase classname="pomWithPageFactory.Pf_LoginTest" name="XpathLoop" time="12.187"/>
</testsuite> <!-- pomWithPageFactory.Pf_LoginTest -->
