<?xml version="1.0" encoding="UTF-8"?>
<!-- Generated by org.testng.reporters.JUnitReportReporter -->
<testsuite hostname="Sallu" failures="0" tests="1" name="pomWithPageFactory.Pf_LoginTest" time="15.907" errors="0" timestamp="2024-09-10T14:33:46 BDT" skipped="0">
  <testcase classname="pomWithPageFactory.Pf_LoginTest" name="loginTest" time="15.907"/>
</testsuite> <!-- pomWithPageFactory.Pf_LoginTest -->
