<?xml version="1.0" encoding="UTF-8"?>
<!-- Generated by org.testng.reporters.JUnitReportReporter -->
<testsuite hostname="Sallu" failures="0" tests="1" name="syncronization.ImplicitWait" time="17.641" errors="0" timestamp="2024-09-11T13:14:48 BDT" skipped="0">
  <testcase classname="syncronization.ImplicitWait" name="loginTest" time="17.641"/>
</testsuite> <!-- syncronization.ImplicitWait -->
