<?xml version="1.0" encoding="UTF-8"?>
<!-- Generated by org.testng.reporters.JUnitReportReporter -->
<testsuite hostname="Sallu" failures="0" tests="1" name="locators.BasicXpath" time="13.848" errors="0" timestamp="2024-09-05T22:37:57 BDT" skipped="0">
  <testcase classname="locators.BasicXpath" name="LoginXpath" time="13.848"/>
</testsuite> <!-- locators.BasicXpath -->
