<?xml version="1.0" encoding="UTF-8"?>
<!-- Generated by org.testng.reporters.JUnitReportReporter -->
<testsuite hostname="Sallu" failures="0" tests="2" name="pageObjectModel.LoginTest" time="28.768" errors="0" timestamp="2024-09-05T18:11:25 BDT" skipped="0">
  <testcase classname="pageObjectModel.LoginTest" name="validLoginTest" time="17.694"/>
  <testcase classname="pageObjectModel.LoginTest" name="invalidLoginTest" time="11.074"/>
</testsuite> <!-- pageObjectModel.LoginTest -->
