<?xml version="1.0" encoding="UTF-8"?>
<!-- Generated by org.testng.reporters.JUnitReportReporter -->
<testsuite hostname="Sallu" failures="0" tests="1" name="syncronization.ExplicitWaitTest" time="13.583" errors="0" timestamp="2024-09-11T15:22:29 BDT" skipped="0">
  <testcase classname="syncronization.ExplicitWaitTest" name="Logintest" time="13.583"/>
</testsuite> <!-- syncronization.ExplicitWaitTest -->
