<?xml version="1.0" encoding="UTF-8"?>
<!-- Generated by org.testng.reporters.JUnitReportReporter -->
<testsuite hostname="Sallu" failures="0" tests="1" name="pomWithPageFactory.Pf_LoginTest" time="11.144" errors="0" timestamp="2024-09-22T14:48:34 BDT" skipped="0">
  <testcase classname="pomWithPageFactory.Pf_LoginTest" name="XpathLoop" time="11.144"/>
</testsuite> <!-- pomWithPageFactory.Pf_LoginTest -->
