<?xml version="1.0" encoding="UTF-8"?>
<!-- Generated by org.testng.reporters.JUnitReportReporter -->
<testsuite hostname="Sallu" failures="0" tests="4" name="dynamicCoding.DynamicLoginTestPractice" time="49.861" errors="0" timestamp="2024-09-05T18:09:18 BDT" skipped="0">
  <testcase classname="dynamicCoding.DynamicLoginTestPractice" name="validpassTest" time="10.170"/>
  <testcase classname="dynamicCoding.DynamicLoginTestPractice" name="invalidpassTest" time="15.843"/>
  <testcase classname="dynamicCoding.DynamicLoginTestPractice" name="InvalidUsernameTest" time="12.994"/>
  <testcase classname="dynamicCoding.DynamicLoginTestPractice" name="validUsernameTest" time="10.854"/>
</testsuite> <!-- dynamicCoding.DynamicLoginTestPractice -->
