<?xml version="1.0" encoding="UTF-8"?>
<!-- Generated by org.testng.reporters.JUnitReportReporter -->
<testsuite hostname="Sallu" failures="0" tests="1" name="locators.Xpath" time="15.263" errors="0" timestamp="2024-09-06T00:25:16 BDT" skipped="0">
  <testcase classname="locators.Xpath" name="linkXpath" time="15.263"/>
</testsuite> <!-- locators.Xpath -->
